<?xml version="1.0" encoding="UTF-8"?>
<testng-results skipped="0" failed="0" ignored="1" total="3" passed="2">
  <reporter-output>
  </reporter-output>
  <suite name="Suite" duration-ms="41" started-at="2019-08-12T03:26:52Z" finished-at="2019-08-12T03:26:52Z">
    <groups>
      <group name="regression">
        <method signature="GroupingDemo.test3()[pri:0, instance:test.GroupingDemo@50c87b21]" name="test3" class="test.GroupingDemo"/>
      </group> <!-- regression -->
      <group name="smoke">
        <method signature="GroupingDemo.test2()[pri:0, instance:test.GroupingDemo@50c87b21]" name="test2" class="test.GroupingDemo"/>
      </group> <!-- smoke -->
      <group name="sanity">
        <method signature="GroupingDemo.test2()[pri:0, instance:test.GroupingDemo@50c87b21]" name="test2" class="test.GroupingDemo"/>
        <method signature="GroupingDemo.test3()[pri:0, instance:test.GroupingDemo@50c87b21]" name="test3" class="test.GroupingDemo"/>
      </group> <!-- sanity -->
    </groups>
    <test name="Test" duration-ms="41" started-at="2019-08-12T03:26:52Z" finished-at="2019-08-12T03:26:52Z">
      <class name="test.GroupingDemo">
        <test-method status="PASS" signature="test2()[pri:0, instance:test.GroupingDemo@50c87b21]" name="test2" duration-ms="12" started-at="2019-08-12T08:56:52Z" finished-at="2019-08-12T08:56:52Z">
          <reporter-output>
          </reporter-output>
        </test-method> <!-- test2 -->
        <test-method status="PASS" signature="test3()[pri:0, instance:test.GroupingDemo@50c87b21]" name="test3" duration-ms="2" started-at="2019-08-12T08:56:52Z" finished-at="2019-08-12T08:56:52Z">
          <reporter-output>
          </reporter-output>
        </test-method> <!-- test3 -->
      </class> <!-- test.GroupingDemo -->
    </test> <!-- Test -->
  </suite> <!-- Suite -->
</testng-results>
