<?xml version="1.0" encoding="UTF-8"?>
<!-- Generated by org.testng.reporters.JUnitXMLReporter -->
<testsuite hostname="dhruv-HP-Notebook" ignored="1" name="Test" tests="2" failures="0" timestamp="12 Aug 2019 03:26:52 GMT" time="0.041" errors="0">
  <testcase name="test2" time="0.012" classname="test.GroupingDemo"/>
  <testcase name="test3" time="0.002" classname="test.GroupingDemo"/>
  <testcase name="test1" time="0.0" classname="test.GroupingDemo">
    <ignored/>
  </testcase> <!-- test1 -->
</testsuite> <!-- Test -->
